<?xml version="1.0" encoding="UTF-8"?>
<!-- Generated by org.testng.reporters.JUnitReportReporter -->
<testsuite hostname="DESKTOP-VRS30OQ" failures="0" tests="2" name="Automation.maven.SeleniumDemo" time="0.017" errors="0" timestamp="2022-02-11T17:18:21 IST" skipped="0">
  <testcase classname="Automation.maven.SeleniumDemo" name="elementsIos" time="0.002"/>
  <system-out/>
  <testcase classname="Automation.maven.SeleniumDemo" name="BrowserAutomation" time="0.015"/>
  <system-out/>
</testsuite> <!-- Automation.maven.SeleniumDemo -->
