<?xml version="1.0" encoding="UTF-8"?>
<!-- Generated by org.testng.reporters.JUnitReportReporter -->
<testsuite hostname="DESKTOP-VRS30OQ" failures="0" tests="1" name="ExtentReports.ExtentReportsDemo" time="20.726" errors="0" timestamp="2022-03-05T21:49:39 IST" skipped="0">
  <testcase classname="ExtentReports.ExtentReportsDemo" name="initialDemo" time="20.726"/>
  <system-out/>
</testsuite> <!-- ExtentReports.ExtentReportsDemo -->
