<?xml version="1.0" encoding="UTF-8"?>
<!-- Generated by org.testng.reporters.JUnitReportReporter -->
<testsuite hostname="DESKTOP-VRS30OQ" failures="0" tests="2" name="Automation.maven.seleniumDemoTest" time="0.014" errors="0" timestamp="2022-02-21T18:58:47 IST" skipped="0">
  <testcase classname="Automation.maven.seleniumDemoTest" name="BrowserAutomation" time="0.012"/>
  <system-out/>
  <testcase classname="Automation.maven.seleniumDemoTest" name="elementsIos" time="0.002"/>
  <system-out/>
</testsuite> <!-- Automation.maven.seleniumDemoTest -->
