<?xml version="1.0" encoding="UTF-8"?>
<!-- Generated by org.testng.reporters.JUnitReportReporter -->
<testsuite hostname="DESKTOP-VRS30OQ" failures="0" tests="2" name="Automation.maven.AppiumTest" time="0.016" errors="0" timestamp="2022-02-11T17:18:14 IST" skipped="0">
  <testcase classname="Automation.maven.AppiumTest" name="NativeAndroid" time="0.003"/>
  <system-out/>
  <testcase classname="Automation.maven.AppiumTest" name="IOSAPP" time="0.013"/>
  <system-out/>
</testsuite> <!-- Automation.maven.AppiumTest -->
