<?xml version="1.0" encoding="UTF-8"?>
<!-- Generated by org.testng.reporters.JUnitReportReporter -->
<testsuite hostname="DESKTOP-VRS30OQ" failures="0" tests="2" name="Automation.maven.RESTAPITest" time="0.001" errors="0" timestamp="2022-02-12T15:23:05 IST" skipped="0">
  <testcase classname="Automation.maven.RESTAPITest" name="postjira" time="0.001"/>
  <system-out/>
  <testcase classname="Automation.maven.RESTAPITest" name="deleteTwiter" time="0.000"/>
  <system-out/>
</testsuite> <!-- Automation.maven.RESTAPITest -->
