<?xml version="1.0" encoding="UTF-8"?>
<!-- Generated by org.testng.reporters.JUnitReportReporter -->
<testsuite hostname="DESKTOP-VRS30OQ" failures="0" tests="2" name="Automation.maven.seleniumDemoTest" time="0.007" errors="0" timestamp="2022-02-12T15:23:05 IST" skipped="0">
  <testcase classname="Automation.maven.seleniumDemoTest" name="BrowserAutomation" time="0.007"/>
  <system-out/>
  <testcase classname="Automation.maven.seleniumDemoTest" name="elementsIos" time="0.000"/>
  <system-out/>
</testsuite> <!-- Automation.maven.seleniumDemoTest -->
